<?xml version="1.0" encoding="UTF-8"?>
<!-- Generated by org.testng.reporters.JUnitXMLReporter -->
<testsuite ignored="0" hostname="abood" failures="0" tests="8" name="Default test" time="9.142" errors="0" timestamp="2024-12-08T20:39:22 EET">
  <testcase classname="almosaferTest.almosaferProject" name="languageEn" time="0.064"/>
  <testcase classname="almosaferTest.almosaferProject" name="currencySar" time="0.054"/>
  <testcase classname="almosaferTest.almosaferProject" name="contactNumber" time="0.084"/>
  <testcase classname="almosaferTest.almosaferProject" name="qitaf" time="0.116"/>
  <testcase classname="almosaferTest.almosaferProject" name="hotelsNotSelected" time="0.056"/>
  <testcase classname="almosaferTest.almosaferProject" name="flightDeparture" time="1.207"/>
  <testcase classname="almosaferTest.almosaferProject" name="flightReturn" time="0.228"/>
  <testcase classname="almosaferTest.almosaferProject" name="randomLanguage" time="1.03"/>
</testsuite> <!-- Default test -->
