<?xml version="1.0" encoding="UTF-8"?>
<!-- Generated by org.testng.reporters.JUnitXMLReporter -->
<testsuite ignored="0" hostname="abood" failures="0" tests="10" name="Default test" time="65.106" errors="0" timestamp="2024-12-18T16:12:55 EET">
  <testcase classname="almosaferTest.almosaferProject" name="languageEn" time="0.061"/>
  <testcase classname="almosaferTest.almosaferProject" name="currencySar" time="0.07"/>
  <testcase classname="almosaferTest.almosaferProject" name="contactNumber" time="0.049"/>
  <testcase classname="almosaferTest.almosaferProject" name="qitaf" time="0.079"/>
  <testcase classname="almosaferTest.almosaferProject" name="hotelsNotSelected" time="0.068"/>
  <testcase classname="almosaferTest.almosaferProject" name="flightDeparture" time="0.921"/>
  <testcase classname="almosaferTest.almosaferProject" name="flightReturn" time="0.103"/>
  <testcase classname="almosaferTest.almosaferProject" name="randomLanguage" time="19.628"/>
  <testcase classname="almosaferTest.almosaferProject" name="loadPage" time="20.105"/>
  <testcase classname="almosaferTest.almosaferProject" name="lowestPrice" time="17.632"/>
</testsuite> <!-- Default test -->
