<?xml version="1.0" encoding="UTF-8"?>
<testng-results ignored="0" total="8" passed="8" failed="0" skipped="0">
  <reporter-output>
  </reporter-output>
  <suite started-at="2024-12-08T20:39:13 EET" name="Default suite" finished-at="2024-12-08T20:39:22 EET" duration-ms="9142">
    <groups>
    </groups>
    <test started-at="2024-12-08T20:39:13 EET" name="Default test" finished-at="2024-12-08T20:39:22 EET" duration-ms="9142">
      <class name="almosaferTest.almosaferProject">
        <test-method is-config="true" signature="setUp()[pri:0, instance:almosaferTest.almosaferProject@2654635]" started-at="2024-12-08T20:39:13 EET" name="setUp" finished-at="2024-12-08T20:39:19 EET" duration-ms="6199" status="PASS">
          <reporter-output>
          </reporter-output>
        </test-method> <!-- setUp -->
        <test-method signature="languageEn()[pri:1, instance:almosaferTest.almosaferProject@2654635]" started-at="2024-12-08T20:39:19 EET" name="languageEn" finished-at="2024-12-08T20:39:19 EET" duration-ms="64" status="PASS">
          <reporter-output>
          </reporter-output>
        </test-method> <!-- languageEn -->
        <test-method signature="currencySar()[pri:2, instance:almosaferTest.almosaferProject@2654635]" started-at="2024-12-08T20:39:19 EET" name="currencySar" finished-at="2024-12-08T20:39:19 EET" duration-ms="54" status="PASS">
          <reporter-output>
          </reporter-output>
        </test-method> <!-- currencySar -->
        <test-method signature="contactNumber()[pri:3, instance:almosaferTest.almosaferProject@2654635]" started-at="2024-12-08T20:39:19 EET" name="contactNumber" finished-at="2024-12-08T20:39:19 EET" duration-ms="84" status="PASS">
          <reporter-output>
          </reporter-output>
        </test-method> <!-- contactNumber -->
        <test-method signature="qitaf()[pri:4, instance:almosaferTest.almosaferProject@2654635]" started-at="2024-12-08T20:39:20 EET" name="qitaf" finished-at="2024-12-08T20:39:20 EET" duration-ms="116" status="PASS">
          <reporter-output>
          </reporter-output>
        </test-method> <!-- qitaf -->
        <test-method signature="hotelsNotSelected()[pri:5, instance:almosaferTest.almosaferProject@2654635]" started-at="2024-12-08T20:39:20 EET" name="hotelsNotSelected" finished-at="2024-12-08T20:39:20 EET" duration-ms="56" status="PASS">
          <reporter-output>
          </reporter-output>
        </test-method> <!-- hotelsNotSelected -->
        <test-method signature="flightDeparture()[pri:6, instance:almosaferTest.almosaferProject@2654635]" started-at="2024-12-08T20:39:20 EET" name="flightDeparture" finished-at="2024-12-08T20:39:21 EET" duration-ms="1207" status="PASS">
          <reporter-output>
          </reporter-output>
        </test-method> <!-- flightDeparture -->
        <test-method signature="flightReturn()[pri:7, instance:almosaferTest.almosaferProject@2654635]" started-at="2024-12-08T20:39:21 EET" name="flightReturn" finished-at="2024-12-08T20:39:21 EET" duration-ms="228" status="PASS">
          <reporter-output>
          </reporter-output>
        </test-method> <!-- flightReturn -->
        <test-method signature="randomLanguage()[pri:8, instance:almosaferTest.almosaferProject@2654635]" started-at="2024-12-08T20:39:21 EET" name="randomLanguage" finished-at="2024-12-08T20:39:22 EET" duration-ms="1030" status="PASS">
          <reporter-output>
          </reporter-output>
        </test-method> <!-- randomLanguage -->
      </class> <!-- almosaferTest.almosaferProject -->
    </test> <!-- Default test -->
  </suite> <!-- Default suite -->
</testng-results>
